<?xml version="1.0" encoding="UTF-8"?>
<testng-results skipped="0" failed="0" ignored="0" total="0" passed="0">
  <reporter-output>
  </reporter-output>
  <suite name="com.drivers.TestDemo" duration-ms="10" started-at="2023-05-23T10:39:57 IST" finished-at="2023-05-23T10:39:57 IST">
    <groups>
    </groups>
    <test name="Command line test" duration-ms="10" started-at="2023-05-23T10:39:57 IST" finished-at="2023-05-23T10:39:57 IST">
    </test> <!-- Command line test -->
  </suite> <!-- com.drivers.TestDemo -->
</testng-results>
